
ROM used:   1257/8192 (15%)
            1257/8192 (15%) including unused fragments

            1.7 Average locations per line
            37.0 Average locations per statement

RAM used:   70/368 (19%) at main() level
            86/368 (23%) worst case

Stack used: 1 worst case (1 in main + 0 for interrupts)
Stack size: 8

Lines Stmts  %   Files
----- ----- ---  -----
   47    34 100  16F887A.c
  672     0   0  ..\..\..\Program Files (x86)\PICC\Devices\16F877A.H
----- -----
  719    34 Total

Page ROM  %  RAM    Vol Diff  Functions:
---- --- --- ---    --- ----  ----------
0     23   2    1             @delay_ms1
0    461  37   64   1285  7.0  MAIN
0     31   2    2             @ITOF
0    117   9   13             @MULFF
0    204  16   14             @DIVFF
0    321  26   16             @ADDFF
0     63   5   10             @FLT
0     33   3    4             @SFTOI
 Inline         0             @cinit1

Program metrics:
    Functions               1
    Statements              34
    Comments                138
    Volume (V)              1305
    Difficulty (D)          6.4
    Effort to implement (E) 8405
    Time to implement (T)   8 minutes
    Est Delivered Bugs (B)  0
    Cyclomatic Complexity   2
    Maintainability (MI)    46

 Segment     Used  Free
-----------  ----  ----
00000-00003     4  0  
00004-007FF  1253  791  
00800-00FFF     0  2048  
01000-017FF     0  2048  
01800-01FFF     0  2048  



